[d] 18-06-20 09:06:30 @ Booting up
[d] 18-06-20 09:06:30 @ Loading all core modules
[d] 18-06-20 09:06:30 @ Loading module: cala
[d] 18-06-20 09:06:30 @ Loading in path: /home/ticoteccr/subs/sapiens/api/modules/cala/module.php
[d] 18-06-20 09:06:30 @ File already loaded
[d] 18-06-20 09:06:30 @ Loading module: db
[d] 18-06-20 09:06:30 @ Loading in path: /home/ticoteccr/subs/sapiens/api/modules/db/module.php
[d] 18-06-20 09:06:30 @ File already loaded
[d] 18-06-20 09:06:30 @ Loading module: users
[d] 18-06-20 09:06:30 @ Loading in path: /home/ticoteccr/subs/sapiens/api/modules/users/module.php
[d] 18-06-20 09:06:30 @ File already loaded
[d] 18-06-20 09:06:30 @ Loading in path: /home/ticoteccr/subs/sapiens/api/modules/users/module.php
[d] 18-06-20 09:06:30 @ File already loaded
[d] 18-06-20 09:06:30 @ Finished! Memory used: Mb0.312664<<<<<<<<<<<<<<<<<<<<<<<<<<<<<<<<<<<<<<<<<<<<<<<<<<<<<<<<<<
[d] 18-06-20 09:06:33 @ Booting up
[d] 18-06-20 09:06:33 @ Loading all core modules
[d] 18-06-20 09:06:33 @ Loading module: cala
[d] 18-06-20 09:06:33 @ Loading in path: /home/ticoteccr/subs/sapiens/api/modules/cala/module.php
[d] 18-06-20 09:06:33 @ File already loaded
[d] 18-06-20 09:06:33 @ Loading module: db
[d] 18-06-20 09:06:33 @ Loading in path: /home/ticoteccr/subs/sapiens/api/modules/db/module.php
[d] 18-06-20 09:06:33 @ File already loaded
[d] 18-06-20 09:06:33 @ Loading module: users
[d] 18-06-20 09:06:33 @ Loading in path: /home/ticoteccr/subs/sapiens/api/modules/users/module.php
[d] 18-06-20 09:06:33 @ File already loaded
[d] 18-06-20 09:06:33 @ Loading in path: /home/ticoteccr/subs/sapiens/api/contrib/sapiens/module.php
[d] 18-06-20 09:06:33 @ File already loaded
[d] 18-06-20 09:06:33 @ Finished! Memory used: Mb0.313024<<<<<<<<<<<<<<<<<<<<<<<<<<<<<<<<<<<<<<<<<<<<<<<<<<<<<<<<<<
[d] 18-06-20 09:06:33 @ Booting up
[d] 18-06-20 09:06:33 @ Loading all core modules
[d] 18-06-20 09:06:33 @ Loading module: cala
[d] 18-06-20 09:06:33 @ Loading in path: /home/ticoteccr/subs/sapiens/api/modules/cala/module.php
[d] 18-06-20 09:06:33 @ Including file: /home/ticoteccr/subs/sapiens/api/modules/cala/module.php
[d] 18-06-20 09:06:33 @ Module was booted too
[i] 18-06-20 09:06:33 @ Cala was booted...
[d] 18-06-20 09:06:33 @ Loading module: db
[d] 18-06-20 09:06:33 @ Loading in path: /home/ticoteccr/subs/sapiens/api/modules/db/module.php
[d] 18-06-20 09:06:33 @ Including file: /home/ticoteccr/subs/sapiens/api/modules/db/module.php
[d] 18-06-20 09:06:33 @ Module was booted too
[d] 18-06-20 09:06:33 @ Conneted to Db
[d] 18-06-20 09:06:33 @ Loading module: users
[d] 18-06-20 09:06:33 @ Loading in path: /home/ticoteccr/subs/sapiens/api/modules/users/module.php
[d] 18-06-20 09:06:33 @ Including file: /home/ticoteccr/subs/sapiens/api/modules/users/module.php
[d] 18-06-20 09:06:33 @ Module was booted too
[d] 18-06-20 09:06:33 @ Loading user
[d] 18-06-20 09:06:33 @ SELECT *
	FROM users
	 WHERE userName = 'test'
[d] 18-06-20 09:06:33 @ Loading in path: /home/ticoteccr/subs/sapiens/api/modules/users/module.php
[d] 18-06-20 09:06:33 @ File already loaded
[d] 18-06-20 09:06:33 @ Function found
[d] 18-06-20 09:06:33 @ Looking for path: users_get_my_details
[d] 18-06-20 09:06:33 @ Found path: users_get_my_details
[d] 18-06-20 09:06:33 @ Confirm that the user is logged in
[d] 18-06-20 09:06:33 @ Confirm the session for this user
[d] 18-06-20 09:06:33 @ SELECT *
        FROM sessions
        WHERE sessionKey = '0467a3f66477aadafad63dbd3ac9e4e9'
        AND ip = '181.193.3.250'
        AND idUser = '1'
[d] 18-06-20 09:06:33 @ User last access is to old
[d] 18-06-20 09:06:33 @ Finished! Memory used: Mb0.464664<<<<<<<<<<<<<<<<<<<<<<<<<<<<<<<<<<<<<<<<<<<<<<<<<<<<<<<<<<
